- Overwrite config params ['loss_type', 'dataset', 'n_frames', 'n_frames_eval', 'load_path'].
- Configuration:
batch_size: 50
batchnorm: True
conv_temp_encoder: False
dataset: MassRope
debug: False
group_loss_weight: 1.0
load_path: /datasets/VGPL/datasets/mass_rope_4frame_l2.pth
log_eval: True
loss_type: l2
lr: 0.0001
n_epochs: 50
n_frames: 4
n_frames_eval: 30
pred_hidden: 2048
recur_pred: False
run_dir: ./experiments/test_run
single_out: False
temp_embedding_size: 1024
temp_reg_lam: 0.0
use_temp_encoder: False
vis: True
vis_eval: True
vis_eval_every: 50
vis_every: 5
vis_frames_per_sample: 64
vis_samples: 5
- Loading model from /datasets/VGPL/datasets/mass_rope_4frame_l2.pth

  0%|          | 0/54 [00:00<?, ?it/s]
Loss 0.000604:   0%|          | 0/54 [01:18<?, ?it/s]
Generating video outputs:   0%|          | 0/54 [01:18<?, ?it/s]
Generating video outputs:   2%|▏         | 1/54 [02:24<2:08:01, 144.94s/it]
Loss 0.000639:   2%|▏         | 1/54 [03:41<2:08:01, 144.94s/it]           
Generating video outputs:   2%|▏         | 1/54 [03:41<2:08:01, 144.94s/it]
Generating video outputs:   4%|▎         | 2/54 [04:39<2:00:21, 138.88s/it]
Loss 0.000435:   4%|▎         | 2/54 [05:56<2:00:21, 138.88s/it]           
Generating video outputs:   4%|▎         | 2/54 [05:56<2:00:21, 138.88s/it]
Generating video outputs:   6%|▌         | 3/54 [06:53<1:56:06, 136.60s/it]
Loss 0.000475:   6%|▌         | 3/54 [08:09<1:56:06, 136.60s/it]           
Generating video outputs:   6%|▌         | 3/54 [08:09<1:56:06, 136.60s/it]
Generating video outputs:   7%|▋         | 4/54 [09:07<1:53:00, 135.61s/it]
Loss 0.000487:   7%|▋         | 4/54 [10:17<1:53:00, 135.61s/it]           
Generating video outputs:   7%|▋         | 4/54 [10:17<1:53:00, 135.61s/it]
Generating video outputs:   9%|▉         | 5/54 [11:14<1:48:07, 132.39s/it]
Loss 0.000482:   9%|▉         | 5/54 [12:27<1:48:07, 132.39s/it]           
Generating video outputs:   9%|▉         | 5/54 [12:27<1:48:07, 132.39s/it]
Generating video outputs:  11%|█         | 6/54 [13:24<1:45:24, 131.77s/it]
Loss 0.000552:  11%|█         | 6/54 [14:42<1:45:24, 131.77s/it]           
Generating video outputs:  11%|█         | 6/54 [14:42<1:45:24, 131.77s/it]
Generating video outputs:  13%|█▎        | 7/54 [15:40<1:44:07, 132.93s/it]
Loss 0.000734:  13%|█▎        | 7/54 [16:58<1:44:07, 132.93s/it]           
Generating video outputs:  13%|█▎        | 7/54 [16:58<1:44:07, 132.93s/it]
Generating video outputs:  15%|█▍        | 8/54 [17:55<1:42:25, 133.60s/it]
Loss 0.000649:  15%|█▍        | 8/54 [19:08<1:42:25, 133.60s/it]           
Generating video outputs:  15%|█▍        | 8/54 [19:08<1:42:25, 133.60s/it]
Generating video outputs:  17%|█▋        | 9/54 [20:04<1:39:07, 132.18s/it]
Loss 0.000480:  17%|█▋        | 9/54 [23:46<1:39:07, 132.18s/it]           
Generating video outputs:  17%|█▋        | 9/54 [23:46<1:39:07, 132.18s/it]
Generating video outputs:  19%|█▊        | 10/54 [24:44<2:10:24, 177.84s/it]
Loss 0.000652:  19%|█▊        | 10/54 [27:58<2:10:24, 177.84s/it]           
Generating video outputs:  19%|█▊        | 10/54 [27:58<2:10:24, 177.84s/it]
Generating video outputs:  20%|██        | 11/54 [28:56<2:23:45, 200.59s/it]
Loss 0.000532:  20%|██        | 11/54 [32:17<2:23:45, 200.59s/it]           
Generating video outputs:  20%|██        | 11/54 [32:17<2:23:45, 200.59s/it]
Generating video outputs:  22%|██▏       | 12/54 [33:14<2:32:38, 218.05s/it]
Loss 0.000509:  22%|██▏       | 12/54 [34:30<2:32:38, 218.05s/it]           
Generating video outputs:  22%|██▏       | 12/54 [34:30<2:32:38, 218.05s/it]
Generating video outputs:  24%|██▍       | 13/54 [35:27<2:11:22, 192.26s/it]
Loss 0.000623:  24%|██▍       | 13/54 [36:54<2:11:22, 192.26s/it]           
Generating video outputs:  24%|██▍       | 13/54 [36:54<2:11:22, 192.26s/it]
Generating video outputs:  26%|██▌       | 14/54 [37:51<1:58:26, 177.67s/it]
Loss 0.000508:  26%|██▌       | 14/54 [41:00<1:58:26, 177.67s/it]           
Generating video outputs:  26%|██▌       | 14/54 [41:00<1:58:26, 177.67s/it]
Generating video outputs:  28%|██▊       | 15/54 [41:57<2:08:54, 198.32s/it]
Loss 0.000616:  28%|██▊       | 15/54 [45:23<2:08:54, 198.32s/it]           
Generating video outputs:  28%|██▊       | 15/54 [45:23<2:08:54, 198.32s/it]
Generating video outputs:  30%|██▉       | 16/54 [46:20<2:17:56, 217.80s/it]
Loss 0.000510:  30%|██▉       | 16/54 [47:34<2:17:56, 217.80s/it]           
Generating video outputs:  30%|██▉       | 16/54 [47:34<2:17:56, 217.80s/it]
Generating video outputs:  31%|███▏      | 17/54 [48:30<1:58:06, 191.54s/it]
Loss 0.000607:  31%|███▏      | 17/54 [49:47<1:58:06, 191.54s/it]           
Generating video outputs:  31%|███▏      | 17/54 [49:47<1:58:06, 191.54s/it]
Generating video outputs:  33%|███▎      | 18/54 [50:47<1:44:57, 174.92s/it]
Loss 0.000806:  33%|███▎      | 18/54 [52:03<1:44:57, 174.92s/it]           
Generating video outputs:  33%|███▎      | 18/54 [52:03<1:44:57, 174.92s/it]
Generating video outputs:  35%|███▌      | 19/54 [53:01<1:34:53, 162.67s/it]
Loss 0.000595:  35%|███▌      | 19/54 [55:01<1:34:53, 162.67s/it]           
Generating video outputs:  35%|███▌      | 19/54 [55:01<1:34:53, 162.67s/it]
Generating video outputs:  37%|███▋      | 20/54 [55:59<1:34:50, 167.36s/it]
Loss 0.000538:  37%|███▋      | 20/54 [57:48<1:34:50, 167.36s/it]           
Generating video outputs:  37%|███▋      | 20/54 [57:48<1:34:50, 167.36s/it]
Generating video outputs:  39%|███▉      | 21/54 [58:45<1:31:50, 166.99s/it]
Loss 0.000530:  39%|███▉      | 21/54 [1:00:24<1:31:50, 166.99s/it]         
Generating video outputs:  39%|███▉      | 21/54 [1:00:24<1:31:50, 166.99s/it]
Generating video outputs:  41%|████      | 22/54 [1:01:21<1:27:12, 163.51s/it]
Loss 0.000733:  41%|████      | 22/54 [1:02:45<1:27:12, 163.51s/it]           
Generating video outputs:  41%|████      | 22/54 [1:02:45<1:27:12, 163.51s/it]
Generating video outputs:  43%|████▎     | 23/54 [1:03:42<1:21:03, 156.88s/it]
Loss 0.000570:  43%|████▎     | 23/54 [1:04:58<1:21:03, 156.88s/it]           
Generating video outputs:  43%|████▎     | 23/54 [1:04:58<1:21:03, 156.88s/it]
Generating video outputs:  44%|████▍     | 24/54 [1:06:00<1:15:32, 151.07s/it]
Loss 0.000615:  44%|████▍     | 24/54 [1:07:18<1:15:32, 151.07s/it]           
Generating video outputs:  44%|████▍     | 24/54 [1:07:18<1:15:32, 151.07s/it]
Generating video outputs:  46%|████▋     | 25/54 [1:08:15<1:10:41, 146.27s/it]
Loss 0.000541:  46%|████▋     | 25/54 [1:09:53<1:10:41, 146.27s/it]           
Generating video outputs:  46%|████▋     | 25/54 [1:09:53<1:10:41, 146.27s/it]
Generating video outputs:  48%|████▊     | 26/54 [1:10:51<1:09:39, 149.28s/it]
Loss 0.001010:  48%|████▊     | 26/54 [1:12:49<1:09:39, 149.28s/it]           
Generating video outputs:  48%|████▊     | 26/54 [1:12:49<1:09:39, 149.28s/it]
Generating video outputs:  50%|█████     | 27/54 [1:13:48<1:10:51, 157.45s/it]
Loss 0.000556:  50%|█████     | 27/54 [1:15:40<1:10:51, 157.45s/it]           
Generating video outputs:  50%|█████     | 27/54 [1:15:40<1:10:51, 157.45s/it]
Generating video outputs:  52%|█████▏    | 28/54 [1:16:38<1:09:52, 161.25s/it]
Loss 0.000551:  52%|█████▏    | 28/54 [1:18:19<1:09:52, 161.25s/it]           
Generating video outputs:  52%|█████▏    | 28/54 [1:18:19<1:09:52, 161.25s/it]
Generating video outputs:  54%|█████▎    | 29/54 [1:19:16<1:06:53, 160.53s/it]
Loss 0.000504:  54%|█████▎    | 29/54 [1:20:40<1:06:53, 160.53s/it]           
Generating video outputs:  54%|█████▎    | 29/54 [1:20:40<1:06:53, 160.53s/it]
Generating video outputs:  56%|█████▌    | 30/54 [1:21:37<1:01:50, 154.59s/it]
Loss 0.000415:  56%|█████▌    | 30/54 [1:22:49<1:01:50, 154.59s/it]           
Generating video outputs:  56%|█████▌    | 30/54 [1:22:49<1:01:50, 154.59s/it]
Generating video outputs:  57%|█████▋    | 31/54 [1:23:46<56:20, 146.97s/it]  
Loss 0.000537:  57%|█████▋    | 31/54 [1:25:01<56:20, 146.97s/it]           
Generating video outputs:  57%|█████▋    | 31/54 [1:25:01<56:20, 146.97s/it]
Generating video outputs:  59%|█████▉    | 32/54 [1:26:00<52:26, 143.02s/it]
Loss 0.000604:  59%|█████▉    | 32/54 [1:27:25<52:26, 143.02s/it]           
Generating video outputs:  59%|█████▉    | 32/54 [1:27:25<52:26, 143.02s/it]
Generating video outputs:  61%|██████    | 33/54 [1:28:23<50:05, 143.10s/it]
Loss 0.000521:  61%|██████    | 33/54 [1:30:06<50:05, 143.10s/it]           
Generating video outputs:  61%|██████    | 33/54 [1:30:06<50:05, 143.10s/it]
Generating video outputs:  63%|██████▎   | 34/54 [1:31:05<49:34, 148.75s/it]
Loss 0.000523:  63%|██████▎   | 34/54 [1:33:02<49:34, 148.75s/it]           
Generating video outputs:  63%|██████▎   | 34/54 [1:33:02<49:34, 148.75s/it]
Generating video outputs:  65%|██████▍   | 35/54 [1:34:00<49:33, 156.48s/it]
Loss 0.000641:  65%|██████▍   | 35/54 [1:35:47<49:33, 156.48s/it]           
Generating video outputs:  65%|██████▍   | 35/54 [1:35:47<49:33, 156.48s/it]
Generating video outputs:  67%|██████▋   | 36/54 [1:36:46<47:47, 159.30s/it]
Loss 0.000487:  67%|██████▋   | 36/54 [1:38:22<47:47, 159.30s/it]           
Generating video outputs:  67%|██████▋   | 36/54 [1:38:22<47:47, 159.30s/it]
Generating video outputs:  69%|██████▊   | 37/54 [1:39:19<44:37, 157.48s/it]
Loss 0.000593:  69%|██████▊   | 37/54 [1:40:43<44:37, 157.48s/it]           
Generating video outputs:  69%|██████▊   | 37/54 [1:40:43<44:37, 157.48s/it]
Generating video outputs:  70%|███████   | 38/54 [1:41:41<40:42, 152.68s/it]
Loss 0.000620:  70%|███████   | 38/54 [1:42:56<40:42, 152.68s/it]           
Generating video outputs:  70%|███████   | 38/54 [1:42:56<40:42, 152.68s/it]
Generating video outputs:  72%|███████▏  | 39/54 [1:43:54<36:45, 147.06s/it]
Loss 0.000480:  72%|███████▏  | 39/54 [1:45:17<36:45, 147.06s/it]           
Generating video outputs:  72%|███████▏  | 39/54 [1:45:17<36:45, 147.06s/it]
Generating video outputs:  74%|███████▍  | 40/54 [1:46:16<33:53, 145.26s/it]
Loss 0.001222:  74%|███████▍  | 40/54 [1:47:52<33:53, 145.26s/it]           
Generating video outputs:  74%|███████▍  | 40/54 [1:47:52<33:53, 145.26s/it]
Generating video outputs:  76%|███████▌  | 41/54 [1:48:52<32:10, 148.49s/it]
Loss 0.000581:  76%|███████▌  | 41/54 [1:50:47<32:10, 148.49s/it]           
Generating video outputs:  76%|███████▌  | 41/54 [1:50:47<32:10, 148.49s/it]
Generating video outputs:  78%|███████▊  | 42/54 [1:51:46<31:14, 156.24s/it]
Loss 0.000490:  78%|███████▊  | 42/54 [1:53:43<31:14, 156.24s/it]           
Generating video outputs:  78%|███████▊  | 42/54 [1:53:43<31:14, 156.24s/it]
Generating video outputs:  80%|███████▉  | 43/54 [1:54:41<29:42, 162.04s/it]
Loss 0.000482:  80%|███████▉  | 43/54 [1:56:28<29:42, 162.04s/it]           
Generating video outputs:  80%|███████▉  | 43/54 [1:56:28<29:42, 162.04s/it]
Generating video outputs:  81%|████████▏ | 44/54 [1:57:25<27:04, 162.49s/it]
Loss 0.000873:  81%|████████▏ | 44/54 [1:58:49<27:04, 162.49s/it]           
Generating video outputs:  81%|████████▏ | 44/54 [1:58:49<27:04, 162.49s/it]
Generating video outputs:  83%|████████▎ | 45/54 [1:59:47<23:27, 156.38s/it]
Loss 0.000676:  83%|████████▎ | 45/54 [2:01:07<23:27, 156.38s/it]           
Generating video outputs:  83%|████████▎ | 45/54 [2:01:07<23:27, 156.38s/it]
Generating video outputs:  85%|████████▌ | 46/54 [2:02:04<20:03, 150.42s/it]
Loss 0.000577:  85%|████████▌ | 46/54 [2:03:20<20:03, 150.42s/it]           
Generating video outputs:  85%|████████▌ | 46/54 [2:03:20<20:03, 150.42s/it]
Generating video outputs:  87%|████████▋ | 47/54 [2:04:19<17:00, 145.76s/it]
Loss 0.000547:  87%|████████▋ | 47/54 [2:05:48<17:00, 145.76s/it]           
Generating video outputs:  87%|████████▋ | 47/54 [2:05:48<17:00, 145.76s/it]
Generating video outputs:  89%|████████▉ | 48/54 [2:06:47<14:39, 146.53s/it]
Loss 0.000818:  89%|████████▉ | 48/54 [2:08:34<14:39, 146.53s/it]           
Generating video outputs:  89%|████████▉ | 48/54 [2:08:34<14:39, 146.53s/it]
Generating video outputs:  91%|█████████ | 49/54 [2:09:32<12:39, 151.98s/it]
Loss 0.000622:  91%|█████████ | 49/54 [2:11:38<12:39, 151.98s/it]           
Generating video outputs:  91%|█████████ | 49/54 [2:11:38<12:39, 151.98s/it]
Generating video outputs:  93%|█████████▎| 50/54 [2:12:36<10:46, 161.63s/it]
Loss 0.000618:  93%|█████████▎| 50/54 [2:14:29<10:46, 161.63s/it]           
Generating video outputs:  93%|█████████▎| 50/54 [2:14:29<10:46, 161.63s/it]
Generating video outputs:  94%|█████████▍| 51/54 [2:15:27<08:13, 164.59s/it]
Loss 0.000415:  94%|█████████▍| 51/54 [2:16:58<08:13, 164.59s/it]           
Generating video outputs:  94%|█████████▍| 51/54 [2:16:58<08:13, 164.59s/it]
Generating video outputs:  96%|█████████▋| 52/54 [2:17:56<05:19, 159.73s/it]
Loss 0.000558:  96%|█████████▋| 52/54 [2:19:07<05:19, 159.73s/it]           
Generating video outputs:  96%|█████████▋| 52/54 [2:19:07<05:19, 159.73s/it]
Generating video outputs:  98%|█████████▊| 53/54 [2:20:04<02:30, 150.38s/it]
Loss 0.000594:  98%|█████████▊| 53/54 [2:21:34<02:30, 150.38s/it]           
Generating video outputs:  98%|█████████▊| 53/54 [2:21:34<02:30, 150.38s/it]
Generating video outputs: 100%|██████████| 54/54 [2:22:36<00:00, 150.79s/it]
Generating video outputs: 100%|██████████| 54/54 [2:22:36<00:00, 158.45s/it]

  0%|          | 0/6 [00:00<?, ?it/s]
Loss 0.000571:   0%|          | 0/6 [01:57<?, ?it/s]
Generating video outputs:   0%|          | 0/6 [01:57<?, ?it/s]
Generating video outputs:  17%|█▋        | 1/6 [02:55<14:36, 175.29s/it]
Loss 0.000562:  17%|█▋        | 1/6 [04:50<14:36, 175.29s/it]           
Generating video outputs:  17%|█▋        | 1/6 [04:50<14:36, 175.29s/it]
Generating video outputs:  33%|███▎      | 2/6 [05:46<11:32, 173.15s/it]
Loss 0.000630:  33%|███▎      | 2/6 [07:25<11:32, 173.15s/it]           
Generating video outputs:  33%|███▎      | 2/6 [07:25<11:32, 173.15s/it]
Generating video outputs:  50%|█████     | 3/6 [08:21<08:14, 164.76s/it]
Loss 0.000579:  50%|█████     | 3/6 [09:45<08:14, 164.76s/it]           
Generating video outputs:  50%|█████     | 3/6 [09:45<08:14, 164.76s/it]
Generating video outputs:  67%|██████▋   | 4/6 [10:44<05:12, 156.18s/it]
Loss 0.000716:  67%|██████▋   | 4/6 [11:52<05:12, 156.18s/it]           
Generating video outputs:  67%|██████▋   | 4/6 [11:52<05:12, 156.18s/it]
Generating video outputs:  83%|████████▎ | 5/6 [12:49<02:24, 144.94s/it]
Loss 0.000572:  83%|████████▎ | 5/6 [14:05<02:24, 144.94s/it]           
Generating video outputs:  83%|████████▎ | 5/6 [14:05<02:24, 144.94s/it]
Generating video outputs: 100%|██████████| 6/6 [15:03<00:00, 141.08s/it]
Generating video outputs: 100%|██████████| 6/6 [15:03<00:00, 150.56s/it]
